C:\Program Files\Microsoft Visual Studio\2022\Community\MSBuild\Microsoft\VC\v170\Microsoft.CppBuild.targets(499,5): warning MSB8004: Intermediate Directory does not end with a trailing slash.  This build instance will add the slash as it is required to allow proper evaluation of the Intermediate Directory.
C:\Program Files\Microsoft Visual Studio\2022\Community\MSBuild\Microsoft\VC\v170\Microsoft.CppBuild.targets(500,5): warning MSB8004: Output Directory does not end with a trailing slash.  This build instance will add the slash as it is required to allow proper evaluation of the Output Directory.
C:\Program Files\Microsoft Visual Studio\2022\Community\MSBuild\Microsoft\VC\v170\Microsoft.CppBuild.targets(514,5): warning MSB8028: The intermediate directory (D:\Projects\GraniteEngine\Granite\int\Debug-x64\) contains files shared from another project (Engine.vcxproj).  This can lead to incorrect clean and rebuild behavior.
C:\Program Files\Microsoft Visual Studio\2022\Community\MSBuild\Microsoft\VC\v170\Microsoft.CppBuild.targets(514,5): warning MSB8028: The intermediate directory (D:\Projects\GraniteEngine\Granite\int\Debug-x64\) contains files shared from another project (Client.vcxproj).  This can lead to incorrect clean and rebuild behavior.
  Launcher.cpp
D:\Projects\GraniteEngine\Granite\src\Engine\Keyboard.h(93,21): warning C4251: 'Granite::Keyboard::_keybuffer': class 'std::queue<Granite::Keyboard::Event,std::deque<Granite::Keyboard::Event,std::allocator<Granite::Keyboard::Event>>>' needs to have dll-interface to be used by clients of class 'Granite::Keyboard'
D:\Projects\GraniteEngine\Granite\src\Engine\Keyboard.h(93): message : see declaration of 'std::queue<Granite::Keyboard::Event,std::deque<Granite::Keyboard::Event,std::allocator<Granite::Keyboard::Event>>>'
D:\Projects\GraniteEngine\Granite\src\Engine\Keyboard.h(94,20): warning C4251: 'Granite::Keyboard::_charbuffer': class 'std::queue<char,std::deque<char,std::allocator<char>>>' needs to have dll-interface to be used by clients of class 'Granite::Keyboard'
D:\Projects\GraniteEngine\Granite\src\Engine\Keyboard.h(94): message : see declaration of 'std::queue<char,std::deque<char,std::allocator<char>>>'
D:\Projects\GraniteEngine\Granite\src\Engine\Window.h(52,16): warning C4251: 'Granite::WindowProperties::_title': class 'std::basic_string<wchar_t,std::char_traits<wchar_t>,std::allocator<wchar_t>>' needs to have dll-interface to be used by clients of class 'Granite::WindowProperties'
C:\Program Files\Microsoft Visual Studio\2022\Community\VC\Tools\MSVC\14.32.31326\include\xstring(4920): message : see declaration of 'std::basic_string<wchar_t,std::char_traits<wchar_t>,std::allocator<wchar_t>>'
D:\Projects\GraniteEngine\Granite\src\Engine\Window.h(99,16): warning C4251: 'Granite::Window::_args': class 'std::basic_string<wchar_t,std::char_traits<wchar_t>,std::allocator<wchar_t>>' needs to have dll-interface to be used by clients of class 'Granite::Window'
C:\Program Files\Microsoft Visual Studio\2022\Community\VC\Tools\MSVC\14.32.31326\include\xstring(4920): message : see declaration of 'std::basic_string<wchar_t,std::char_traits<wchar_t>,std::allocator<wchar_t>>'
D:\Projects\GraniteEngine\Granite\src\Engine\Window.h(107,41): warning C4251: 'Granite::Window::_fpsFrameBeginTime': class 'std::chrono::time_point<std::chrono::steady_clock,std::chrono::nanoseconds>' needs to have dll-interface to be used by clients of class 'Granite::Window'
C:\Program Files\Microsoft Visual Studio\2022\Community\VC\Tools\MSVC\14.32.31326\include\chrono(687): message : see declaration of 'std::chrono::time_point<std::chrono::steady_clock,std::chrono::nanoseconds>'
D:\Projects\GraniteEngine\Granite\src\Engine\FrameTimer.h(27,41): warning C4251: 'Granite::FrameTimer::last': class 'std::chrono::time_point<std::chrono::steady_clock,std::chrono::nanoseconds>' needs to have dll-interface to be used by clients of class 'Granite::FrameTimer'
C:\Program Files\Microsoft Visual Studio\2022\Community\VC\Tools\MSVC\14.32.31326\include\chrono(687): message : see declaration of 'std::chrono::time_point<std::chrono::steady_clock,std::chrono::nanoseconds>'
D:\Projects\GraniteEngine\Granite\src\Engine\EntryPoint.h(33,21): warning C4244: 'initializing': conversion from 'float' to 'int', possible loss of data
D:\Projects\GraniteEngine\Client\src\Tetris\Tetris.h(81,22): warning C4244: '=': conversion from 'float' to 'int', possible loss of data
D:\Projects\GraniteEngine\Client\src\Tetris\Tetris.h(133,25): warning C4244: '=': conversion from 'float' to 'int', possible loss of data
D:\Projects\GraniteEngine\Client\src\Tetris\Tetris.h(438,51): warning C4244: 'argument': conversion from 'float' to 'unsigned char', possible loss of data
D:\Projects\GraniteEngine\Client\src\Tetris\Tetris.h(438,45): warning C4244: 'argument': conversion from 'float' to 'unsigned char', possible loss of data
  Client.vcxproj -> D:\Projects\GraniteEngine\Granite\bin\Debug-x64\Client.exe
